
2022-07-26 16:50:27 [b3a4b82c-2828-431f-8c73-ec105b57341f]  START_PAGE_VIEW
2022-07-26 16:53:00 [cfc6d8d7-3832-4f46-a7ec-2cd1af7a06ac]  START_PAGE_VIEW
2022-07-26 16:55:37 [9c58662e-33d6-46f5-a337-954c4b7e33df]  START_PAGE_VIEW
2022-07-26 16:55:37 [9c58662e-33d6-46f5-a337-954c4b7e33df]  IP_ADDRESS undefined
2022-07-26 16:55:39 [9c58662e-33d6-46f5-a337-954c4b7e33df]  END_PAGE_VIEW 1 second
2022-07-26 16:57:33 [8b313d4b-54d2-4995-9e4a-5ce4e850c450]  START_PAGE_VIEW
2022-07-26 16:57:33 [8b313d4b-54d2-4995-9e4a-5ce4e850c450]  IP_ADDRESS undefined
2022-07-26 16:57:40 [8b313d4b-54d2-4995-9e4a-5ce4e850c450]  END_PAGE_VIEW 7 seconds
2022-07-26 16:58:27 [3c314f5f-47c9-469d-b73d-0161f46cc057]  START_PAGE_VIEW
2022-07-26 16:58:28 [3c314f5f-47c9-469d-b73d-0161f46cc057]  IP_ADDRESS undefined
2022-07-26 16:58:30 [3c314f5f-47c9-469d-b73d-0161f46cc057]  END_PAGE_VIEW 2 seconds
2022-07-26 16:58:31 [89d62077-e205-48f8-967b-e81cc83622ae]  START_PAGE_VIEW
2022-07-26 16:58:31 [89d62077-e205-48f8-967b-e81cc83622ae]  IP_ADDRESS undefined
2022-07-26 16:58:34 [89d62077-e205-48f8-967b-e81cc83622ae]  END_PAGE_VIEW 2 seconds
2022-07-26 17:00:23 [14be909c-8082-49f8-bc24-ad3c8df85181]  START_PAGE_VIEW
2022-07-26 17:00:24 [14be909c-8082-49f8-bc24-ad3c8df85181]  IP_ADDRESS undefined
2022-07-26 17:00:31 [14be909c-8082-49f8-bc24-ad3c8df85181]  END_PAGE_VIEW 7 seconds
2022-07-26 17:01:21 [2498111c-7967-4058-be05-48ae7a656059]  START_PAGE_VIEW
2022-07-26 17:01:21 [2498111c-7967-4058-be05-48ae7a656059]  IP_ADDRESS undefined
2022-07-26 17:01:40 [7e593b19-e663-4dc8-8150-db485a38859c]  START_PAGE_VIEW
2022-07-26 17:01:40 [7e593b19-e663-4dc8-8150-db485a38859c]  IP_ADDRESS undefined
2022-07-26 17:04:59 [7e593b19-e663-4dc8-8150-db485a38859c]  END_PAGE_VIEW 3 minutes
2022-07-26 17:04:59 [94269a1e-98fc-4aef-99d4-03e6685f1c7b]  START_PAGE_VIEW
2022-07-26 17:04:59 [94269a1e-98fc-4aef-99d4-03e6685f1c7b]  IP_ADDRESS undefined
2022-07-26 17:05:43 [94269a1e-98fc-4aef-99d4-03e6685f1c7b]  END_PAGE_VIEW 43 seconds
2022-07-26 17:05:43 [b498d7bf-a36e-47c9-bf67-cab5832c5edc]  START_PAGE_VIEW
2022-07-26 17:05:43 [b498d7bf-a36e-47c9-bf67-cab5832c5edc]  IP_ADDRESS 12345
2022-07-26 17:06:04 [b498d7bf-a36e-47c9-bf67-cab5832c5edc]  END_PAGE_VIEW 21 seconds
2022-07-26 17:06:04 [6c7d1a1d-24ab-4d4d-9431-b5390feeacb0]  START_PAGE_VIEW
2022-07-26 17:06:04 [6c7d1a1d-24ab-4d4d-9431-b5390feeacb0]  IP_ADDRESS 12345
2022-07-26 17:06:52 [6977d1a1-a468-44e0-a0c1-8c3197b66520]  START_PAGE_VIEW
2022-07-26 17:06:52 [6977d1a1-a468-44e0-a0c1-8c3197b66520]  IP_ADDRESS 12345
2022-07-26 17:11:26 [6977d1a1-a468-44e0-a0c1-8c3197b66520]  END_PAGE_VIEW 4 minutes
2022-07-26 17:11:26 [34c522b5-ba22-428e-8246-ed4ee84eb442]  START_PAGE_VIEW
2022-07-26 17:11:27 [34c522b5-ba22-428e-8246-ed4ee84eb442]  JAVASCRIPT_ERROR Uncaught TypeError: Cannot read properties of undefined (reading 'send'), http://localhost:3000/js/main.js, 33:21
2022-07-26 17:11:27 [34c522b5-ba22-428e-8246-ed4ee84eb442]  JAVASCRIPT_ERROR_STACKTRACE TypeError: Cannot read properties of undefined (reading 'send')
    at Object.<anonymous> (http://localhost:3000/js/main.js:33:21)
    at c (https://cdnjs.cloudflare.com/ajax/libs/jquery/3.6.0/jquery.min.js:2:28327)
    at Object.fireWith [as resolveWith] (https://cdnjs.cloudflare.com/ajax/libs/jquery/3.6.0/jquery.min.js:2:29072)
    at l (https://cdnjs.cloudflare.com/ajax/libs/jquery/3.6.0/jquery.min.js:2:79901)
    at HTMLScriptElement.i (https://cdnjs.cloudflare.com/ajax/libs/jquery/3.6.0/jquery.min.js:2:83436)
    at HTMLScriptElement.dispatch (https://cdnjs.cloudflare.com/ajax/libs/jquery/3.6.0/jquery.min.js:2:43064)
    at v.handle (https://cdnjs.cloudflare.com/ajax/libs/jquery/3.6.0/jquery.min.js:2:41048)
2022-07-26 17:18:55 [6c7d1a1d-24ab-4d4d-9431-b5390feeacb0]  END_PAGE_VIEW 12 minutes
2022-07-26 17:18:55 [32e947ac-adbb-43c2-93ad-706c4443e5f5]  START_PAGE_VIEW
2022-07-26 17:18:55 [32e947ac-adbb-43c2-93ad-706c4443e5f5]  IP_ADDRESS undefined
2022-07-26 17:19:02 [32e947ac-adbb-43c2-93ad-706c4443e5f5]  END_PAGE_VIEW 7 seconds
2022-07-26 17:19:11 [bb36d087-478d-44f0-a1e9-a97b77ad1b36]  START_PAGE_VIEW
2022-07-26 17:19:11 [bb36d087-478d-44f0-a1e9-a97b77ad1b36]  IP_ADDRESS undefined
2022-07-26 17:19:36 [09652317-8a57-45c1-b9fd-8e92415b9777]  START_PAGE_VIEW::1
2022-07-26 17:19:36 [09652317-8a57-45c1-b9fd-8e92415b9777]  IP_ADDRESS undefined
2022-07-26 17:20:04 [09652317-8a57-45c1-b9fd-8e92415b9777]  END_PAGE_VIEW 27 seconds
2022-07-26 17:20:13 [b8880bcd-6d32-484b-91da-85ceb7281c20]  START_PAGE_VIEW::1
2022-07-26 17:20:13 [b8880bcd-6d32-484b-91da-85ceb7281c20]  IP_ADDRESS undefined
2022-07-26 17:20:59 [b8880bcd-6d32-484b-91da-85ceb7281c20]  END_PAGE_VIEW 46 seconds
2022-07-26 17:21:00 [1b74c7ef-5671-43a8-b273-98acd6f39fa7]  START_PAGE_VIEW::1
2022-07-26 17:21:00 [1b74c7ef-5671-43a8-b273-98acd6f39fa7]  IP_ADDRESS undefined
2022-07-26 17:21:13 [662ee1eb-e82e-4398-8f47-0855ee88f300]  START_PAGE_VIEW::1
2022-07-26 17:21:13 [662ee1eb-e82e-4398-8f47-0855ee88f300]  IP_ADDRESS undefined
2022-07-26 17:22:32 [d70adf03-291a-4733-83c6-22f6ce1f9bb1]  START_PAGE_VIEW::1
2022-07-26 17:22:32 [d70adf03-291a-4733-83c6-22f6ce1f9bb1]  IP_ADDRESS undefined
2022-07-26 17:22:39 [d70adf03-291a-4733-83c6-22f6ce1f9bb1]  END_PAGE_VIEW 7 seconds
2022-07-26 17:22:39 [cebe94dc-f669-4c42-bd3c-ebec7b4abee4]  START_PAGE_VIEW::1
2022-07-26 17:22:39 [cebe94dc-f669-4c42-bd3c-ebec7b4abee4]  IP_ADDRESS undefined
2022-07-26 17:24:50 [1508fe9f-c4d8-49a6-a917-562258ec6b3e]  START_PAGE_VIEW::1
2022-07-26 17:24:50 [1508fe9f-c4d8-49a6-a917-562258ec6b3e]  IP_ADDRESS undefined
2022-07-26 17:24:53 [1508fe9f-c4d8-49a6-a917-562258ec6b3e]  END_PAGE_VIEW 2 seconds
2022-07-26 22:10:59 [a1399c4d-d1aa-4670-b9a5-606547eeebe5]  START_PAGE_VIEW::1
2022-07-26 22:10:59 [a1399c4d-d1aa-4670-b9a5-606547eeebe5]  IP_ADDRESS undefined
2022-07-26 22:11:01 [a1399c4d-d1aa-4670-b9a5-606547eeebe5]  END_PAGE_VIEW 1 second
2022-07-26 22:11:01 [4a3b2ea1-22f6-47a8-9f8f-f344eae02c89]  START_PAGE_VIEW::1
2022-07-26 22:11:01 [4a3b2ea1-22f6-47a8-9f8f-f344eae02c89]  IP_ADDRESS undefined
2022-07-26 22:12:37 [4a3b2ea1-22f6-47a8-9f8f-f344eae02c89]  END_PAGE_VIEW 1 minute
2022-07-26 22:12:37 [e786c030-1b18-4d1b-bb92-ea72fd94b32f]  START_PAGE_VIEW::1
2022-07-26 22:12:37 [e786c030-1b18-4d1b-bb92-ea72fd94b32f]  IP_ADDRESS undefined
2022-07-26 22:13:25 [e786c030-1b18-4d1b-bb92-ea72fd94b32f]  END_PAGE_VIEW 48 seconds
2022-07-26 22:13:25 [ce4b40de-0c7b-4522-ba41-399c01b30b69]  START_PAGE_VIEW::1
2022-07-26 22:13:25 [ce4b40de-0c7b-4522-ba41-399c01b30b69]  IP_ADDRESS undefined
2022-07-26 22:16:07 [662ee1eb-e82e-4398-8f47-0855ee88f300]  END_PAGE_VIEW 4 hours
2022-07-26 22:16:08 [0ec103ed-d954-4baf-b898-a66a755c34b4]  START_PAGE_VIEW::1
2022-07-26 22:16:08 [0ec103ed-d954-4baf-b898-a66a755c34b4]  IP_ADDRESS undefined
2022-07-26 22:18:57 [0ec103ed-d954-4baf-b898-a66a755c34b4]  END_PAGE_VIEW 2 minutes
2022-07-26 22:18:58 [2aba1579-877c-4126-b4b6-41ea3b7f42dc]  START_PAGE_VIEW::1
2022-07-26 22:18:58 [2aba1579-877c-4126-b4b6-41ea3b7f42dc]  IP_ADDRESS undefined
2022-07-26 22:20:33 [2aba1579-877c-4126-b4b6-41ea3b7f42dc]  END_PAGE_VIEW 1 minute
2022-07-26 22:20:33 [b9832730-1715-49ee-ad07-ea0450d5d8f1]  START_PAGE_VIEW::1
2022-07-26 22:20:34 [b9832730-1715-49ee-ad07-ea0450d5d8f1]  IP_ADDRESS undefined
2022-07-26 22:21:43 [b9832730-1715-49ee-ad07-ea0450d5d8f1]  END_PAGE_VIEW 1 minute
2022-07-26 22:21:43 [80a96f84-c014-40c3-bb73-1a801f7a22a6]  START_PAGE_VIEW::1
2022-07-26 22:21:43 [80a96f84-c014-40c3-bb73-1a801f7a22a6]  IP_ADDRESS undefined
2022-07-26 22:22:29 [80a96f84-c014-40c3-bb73-1a801f7a22a6]  END_PAGE_VIEW 45 seconds
2022-07-26 22:22:29 [2036627e-90e6-4c6f-aed4-52000867c226]  START_PAGE_VIEW::1
2022-07-26 22:22:29 [2036627e-90e6-4c6f-aed4-52000867c226]  IP_ADDRESS undefined
2022-07-26 22:22:38 [2036627e-90e6-4c6f-aed4-52000867c226]  END_PAGE_VIEW 8 seconds
2022-07-26 22:22:51 [2a2b50a9-53c0-419c-97c2-803c8d84a0d0]  START_PAGE_VIEW::1
2022-07-26 22:22:51 [2a2b50a9-53c0-419c-97c2-803c8d84a0d0]  IP_ADDRESS undefined
2022-07-26 22:22:54 [2a2b50a9-53c0-419c-97c2-803c8d84a0d0]  END_PAGE_VIEW 3 seconds
2022-07-26 22:22:54 [039a9478-a3af-4d08-ab05-9df19d777f45]  START_PAGE_VIEW::1
2022-07-26 22:22:54 [039a9478-a3af-4d08-ab05-9df19d777f45]  IP_ADDRESS undefined
2022-07-26 22:23:03 [039a9478-a3af-4d08-ab05-9df19d777f45]  END_PAGE_VIEW 9 seconds
2022-07-26 22:23:21 [ce4b40de-0c7b-4522-ba41-399c01b30b69]  END_PAGE_VIEW 9 minutes
2022-07-26 22:23:21 [dab29f11-6efe-4fec-9da3-756ff90e74d1]  START_PAGE_VIEW::1
2022-07-26 22:23:21 [dab29f11-6efe-4fec-9da3-756ff90e74d1]  IP_ADDRESS undefined
2022-07-26 23:28:15 [dab29f11-6efe-4fec-9da3-756ff90e74d1]  END_PAGE_VIEW 1 hour
2022-07-26 23:28:29 [cebe94dc-f669-4c42-bd3c-ebec7b4abee4]  END_PAGE_VIEW 6 hours
2022-07-26 23:28:29 [8b2c2a25-b3e9-446d-bc43-47fc4a2375b3]  START_PAGE_VIEW::1
2022-07-26 23:28:29 [8b2c2a25-b3e9-446d-bc43-47fc4a2375b3]  IP_ADDRESS undefined
2022-07-27 15:18:39 [9a5c97e9-a29e-4e8b-a060-405a831e7386]  START_PAGE_VIEW::1
2022-07-27 15:18:39 [9a5c97e9-a29e-4e8b-a060-405a831e7386]  IP_ADDRESS undefined
2022-07-27 15:41:38 [9a5c97e9-a29e-4e8b-a060-405a831e7386]  END_PAGE_VIEW 22 minutes
2022-07-27 15:41:39 [7f232172-682c-46d5-a353-0a2cb42a4f39]  START_PAGE_VIEW::1
2022-07-27 15:41:39 [7f232172-682c-46d5-a353-0a2cb42a4f39]  IP_ADDRESS undefined
2022-07-27 15:47:17 [7f232172-682c-46d5-a353-0a2cb42a4f39]  END_PAGE_VIEW 5 minutes
2022-07-27 15:47:17 [b8115d0c-ab16-44e5-a10a-9c266593c5f3]  START_PAGE_VIEW::1
2022-07-27 15:47:17 [b8115d0c-ab16-44e5-a10a-9c266593c5f3]  IP_ADDRESS undefined
2022-07-27 15:48:04 [b8115d0c-ab16-44e5-a10a-9c266593c5f3]  END_PAGE_VIEW 46 seconds
2022-07-27 15:48:04 [bb2a9e1e-584a-4f66-a33f-0450fe6e1cb0]  START_PAGE_VIEW::1
2022-07-27 15:48:04 [bb2a9e1e-584a-4f66-a33f-0450fe6e1cb0]  IP_ADDRESS undefined
2022-07-27 15:48:35 [bb2a9e1e-584a-4f66-a33f-0450fe6e1cb0]  END_PAGE_VIEW 30 seconds
2022-07-27 15:48:35 [04a9ce90-dcd1-4b0c-a33b-e65bbe612849]  START_PAGE_VIEW::1
2022-07-27 15:48:35 [04a9ce90-dcd1-4b0c-a33b-e65bbe612849]  IP_ADDRESS undefined
2022-07-27 15:49:03 [007e7cae-46b4-42e2-a421-5a60758d6d74]  START_PAGE_VIEW::1
2022-07-27 15:49:03 [007e7cae-46b4-42e2-a421-5a60758d6d74]  IP_ADDRESS undefined
2022-07-27 15:49:07 [007e7cae-46b4-42e2-a421-5a60758d6d74]  END_PAGE_VIEW 3 seconds
2022-07-27 15:49:09 [f3f097f5-58cd-49ac-8371-3d13577ac390]  START_PAGE_VIEW::1
2022-07-27 15:49:09 [f3f097f5-58cd-49ac-8371-3d13577ac390]  IP_ADDRESS undefined
2022-07-27 15:49:11 [f3f097f5-58cd-49ac-8371-3d13577ac390]  END_PAGE_VIEW 2 seconds
2022-07-27 15:49:15 [5cc294c7-9f92-4573-a6ff-06c45616bc58]  START_PAGE_VIEW::1
2022-07-27 15:49:15 [5cc294c7-9f92-4573-a6ff-06c45616bc58]  IP_ADDRESS undefined
2022-07-27 15:49:17 [5cc294c7-9f92-4573-a6ff-06c45616bc58]  END_PAGE_VIEW 1 second
2022-07-27 16:01:00 [04a9ce90-dcd1-4b0c-a33b-e65bbe612849]  END_PAGE_VIEW 12 minutes
2022-07-27 16:01:00 [3d156df7-aec7-4331-8284-13cd7d287ebd]  START_PAGE_VIEW::1
2022-07-27 16:01:00 [3d156df7-aec7-4331-8284-13cd7d287ebd]  IP_ADDRESS undefined
2022-07-27 16:01:03 [3d156df7-aec7-4331-8284-13cd7d287ebd]  END_PAGE_VIEW 3 seconds
2022-07-27 16:01:03 [8c6906eb-eb45-4089-a319-179c8327a49d]  START_PAGE_VIEW::1
2022-07-27 16:01:03 [8c6906eb-eb45-4089-a319-179c8327a49d]  IP_ADDRESS undefined
2022-07-27 16:01:32 [8c6906eb-eb45-4089-a319-179c8327a49d]  END_PAGE_VIEW 28 seconds
2022-07-27 16:01:32 [c293b896-3a6a-44c3-ab47-80fe8fc4c51e]  START_PAGE_VIEW::1
2022-07-27 16:01:32 [c293b896-3a6a-44c3-ab47-80fe8fc4c51e]  IP_ADDRESS undefined
2022-07-27 16:05:26 [7c5fc004-65ea-4d74-9d3a-f5a20c9c7b91]  START_PAGE_VIEW::1
2022-07-27 16:05:26 [7c5fc004-65ea-4d74-9d3a-f5a20c9c7b91]  IP_ADDRESS undefined
2022-07-27 16:05:28 [7c5fc004-65ea-4d74-9d3a-f5a20c9c7b91]  END_PAGE_VIEW 1 second
2022-07-27 16:09:11 [4e805908-9adf-46fa-a43b-6a99f254944f]  START_PAGE_VIEW::1
2022-07-27 16:09:11 [4e805908-9adf-46fa-a43b-6a99f254944f]  IP_ADDRESS undefined
2022-07-27 16:09:13 [4e805908-9adf-46fa-a43b-6a99f254944f]  END_PAGE_VIEW 1 second
2022-07-27 16:09:13 [1db54ccd-544f-478c-b455-73609dd8d406]  START_PAGE_VIEW::1
2022-07-27 16:09:13 [1db54ccd-544f-478c-b455-73609dd8d406]  IP_ADDRESS undefined
2022-07-27 16:09:15 [1db54ccd-544f-478c-b455-73609dd8d406]  END_PAGE_VIEW 1 second
2022-07-27 16:09:15 [852bbf80-b3b5-458d-827f-06c20206ae6e]  START_PAGE_VIEW::1
2022-07-27 16:09:15 [852bbf80-b3b5-458d-827f-06c20206ae6e]  IP_ADDRESS undefined
2022-07-27 16:09:16 [852bbf80-b3b5-458d-827f-06c20206ae6e]  END_PAGE_VIEW 1 second
2022-07-27 16:09:16 [6f05a1ba-f0b6-4eb8-85fa-78b6e33148a5]  START_PAGE_VIEW::1
2022-07-27 16:09:16 [6f05a1ba-f0b6-4eb8-85fa-78b6e33148a5]  IP_ADDRESS undefined
2022-07-27 16:09:27 [6f05a1ba-f0b6-4eb8-85fa-78b6e33148a5]  END_PAGE_VIEW 11 seconds
2022-07-27 16:11:17 [c293b896-3a6a-44c3-ab47-80fe8fc4c51e]  END_PAGE_VIEW 9 minutes
2022-07-27 16:11:17 [2942d621-bc3f-4325-9ff3-834ac2e78963]  START_PAGE_VIEW::1
2022-07-27 16:11:17 [2942d621-bc3f-4325-9ff3-834ac2e78963]  IP_ADDRESS undefined
2022-07-27 22:09:37 [a67ddba7-fe3e-4646-9113-538399ebb2fc]  START_PAGE_VIEW::1
2022-07-27 22:09:37 [a67ddba7-fe3e-4646-9113-538399ebb2fc]  IP_ADDRESS undefined
2022-07-27 22:09:39 [a67ddba7-fe3e-4646-9113-538399ebb2fc]  END_PAGE_VIEW 2 seconds
2022-07-27 22:09:39 [7cc45e81-8915-4cdc-801a-08b863144735]  START_PAGE_VIEW::1
2022-07-27 22:09:39 [7cc45e81-8915-4cdc-801a-08b863144735]  IP_ADDRESS undefined
